f:\vs project\win32 console\perceptionneuronrosserial\perceptionneuronrosserial\debug\perceptionneuronrosserial.pch
f:\vs project\win32 console\perceptionneuronrosserial\perceptionneuronrosserial\debug\vc140.pdb
f:\vs project\win32 console\perceptionneuronrosserial\perceptionneuronrosserial\debug\vc140.idb
f:\vs project\win32 console\perceptionneuronrosserial\perceptionneuronrosserial\debug\stdafx.obj
f:\vs project\win32 console\perceptionneuronrosserial\perceptionneuronrosserial\debug\perceptionneuronrosserial.obj
f:\vs project\win32 console\perceptionneuronrosserial\perceptionneuronrosserial\debug\duration.obj
f:\vs project\win32 console\perceptionneuronrosserial\perceptionneuronrosserial\debug\time.obj
f:\vs project\win32 console\perceptionneuronrosserial\perceptionneuronrosserial\debug\windowssocket.obj
f:\vs project\win32 console\perceptionneuronreader\perceptionneuronrosserial\debug\perceptionneuronrosserial.pch
f:\vs project\win32 console\perceptionneuronreader\perceptionneuronrosserial\debug\vc140.pdb
f:\vs project\win32 console\perceptionneuronreader\perceptionneuronrosserial\debug\vc140.idb
f:\vs project\win32 console\perceptionneuronreader\perceptionneuronrosserial\debug\stdafx.obj
f:\vs project\win32 console\perceptionneuronreader\perceptionneuronrosserial\debug\perceptionneuronrosserial.obj
f:\vs project\win32 console\perceptionneuronreader\perceptionneuronrosserial\debug\duration.obj
f:\vs project\win32 console\perceptionneuronreader\perceptionneuronrosserial\debug\time.obj
f:\vs project\win32 console\perceptionneuronreader\perceptionneuronrosserial\debug\windowssocket.obj
f:\vs project\win32 console\perceptionneuronreaderv2\perceptionneuronrosserial\debug\perceptionneuronrosserial.pch
f:\vs project\win32 console\perceptionneuronreaderv2\perceptionneuronrosserial\debug\vc140.pdb
f:\vs project\win32 console\perceptionneuronreaderv2\perceptionneuronrosserial\debug\vc140.idb
f:\vs project\win32 console\perceptionneuronreaderv2\perceptionneuronrosserial\debug\stdafx.obj
f:\vs project\win32 console\perceptionneuronreaderv2\perceptionneuronrosserial\debug\perceptionneuronrosserial.obj
f:\vs project\win32 console\perceptionneuronreaderv2\perceptionneuronrosserial\debug\duration.obj
f:\vs project\win32 console\perceptionneuronreaderv2\perceptionneuronrosserial\debug\time.obj
f:\vs project\win32 console\perceptionneuronreaderv2\perceptionneuronrosserial\debug\windowssocket.obj
f:\vs project\win32 console\perceptionneuronrosserial\debug\perceptionneuronrosserial.ilk
f:\vs project\win32 console\perceptionneuronrosserial\debug\perceptionneuronrosserial.exe
f:\vs project\win32 console\perceptionneuronrosserial\debug\perceptionneuronrosserial.pdb
f:\vs project\win32 console\perceptionneuronreader\debug\perceptionneuronrosserial.ilk
f:\vs project\win32 console\perceptionneuronreader\debug\perceptionneuronrosserial.exe
f:\vs project\win32 console\perceptionneuronreader\debug\perceptionneuronrosserial.pdb
f:\vs project\win32 console\perceptionneuronreaderv2\debug\perceptionneuronrosserial.ilk
f:\vs project\win32 console\perceptionneuronreaderv2\debug\perceptionneuronrosserial.exe
f:\vs project\win32 console\perceptionneuronreaderv2\debug\perceptionneuronrosserial.pdb
f:\vs project\win32 console\perceptionneuronreaderv3\perceptionneuronrosserial\debug\duration.obj
f:\vs project\win32 console\perceptionneuronreaderv3\perceptionneuronrosserial\debug\perceptionneuronrosserial.obj
f:\vs project\win32 console\perceptionneuronreaderv3\perceptionneuronrosserial\debug\stdafx.obj
f:\vs project\win32 console\perceptionneuronreaderv3\perceptionneuronrosserial\debug\time.obj
f:\vs project\win32 console\perceptionneuronreaderv3\perceptionneuronrosserial\debug\windowssocket.obj
f:\vs project\win32 console\perceptionneuronreaderv3\perceptionneuronrosserial\debug\perceptionneuronrosserial.pch
f:\vs project\win32 console\perceptionneuronreaderv3\perceptionneuronrosserial\debug\vc140.idb
f:\vs project\win32 console\perceptionneuronreaderv3\perceptionneuronrosserial\debug\vc140.pdb
f:\vs project\win32 console\perceptionneuronreaderv3\debug\perceptionneuronrosserial.pdb
f:\vs project\win32 console\perceptionneuronreaderv3\debug\perceptionneuronrosserial.exe
f:\vs project\win32 console\perceptionneuronreaderv3\debug\perceptionneuronrosserial.ilk
f:\vs project\win32 console\perceptionneuronreaderv3\perceptionneuronrosserial\debug\percepti.aeaa08d0.tlog\cl.command.1.tlog
f:\vs project\win32 console\perceptionneuronreaderv3\perceptionneuronrosserial\debug\percepti.aeaa08d0.tlog\cl.read.1.tlog
f:\vs project\win32 console\perceptionneuronreaderv3\perceptionneuronrosserial\debug\percepti.aeaa08d0.tlog\cl.write.1.tlog
f:\vs project\win32 console\perceptionneuronreaderv3\perceptionneuronrosserial\debug\percepti.aeaa08d0.tlog\link.command.1.tlog
f:\vs project\win32 console\perceptionneuronreaderv3\perceptionneuronrosserial\debug\percepti.aeaa08d0.tlog\link.read.1.tlog
f:\vs project\win32 console\perceptionneuronreaderv3\perceptionneuronrosserial\debug\percepti.aeaa08d0.tlog\link.write.1.tlog
